# JRE version: OpenJDK Runtime Environment (8.0_322-b06) (build 1.8.0_322-b06)
# Java VM: OpenJDK 64-Bit Server VM (25.322-b06 mixed mode windows-amd64 compressed oops)
Heap:
 PSYoungGen      total 150016K, used 23922K [0x00000000f5580000, 0x0000000100000000, 0x0000000100000000)
  eden space 130560K, 3% used [0x00000000f5580000,0x00000000f59e0b38,0x00000000fd500000)
  from space 19456K, 99% used [0x00000000fec80000,0x00000000fff7bd58,0x00000000fff80000)
  to   space 22016K, 0% used [0x00000000fd500000,0x00000000fd500000,0x00000000fea80000)
 ParOldGen       total 178176K, used 62520K [0x00000000e0000000, 0x00000000eae00000, 0x00000000f5580000)
  object space 178176K, 35% used [0x00000000e0000000,0x00000000e3d0e090,0x00000000eae00000)
 Metaspace       used 80208K, capacity 86530K, committed 86680K, reserved 1124352K
  class space    used 10854K, capacity 11851K, committed 11952K, reserved 1048576K
GC Heap History (50 events):
Event: 10.257 GC heap before
{Heap before GC invocations=1 (full 0):
 PSYoungGen      total 76288K, used 65536K [0x00000000f5580000, 0x00000000faa80000, 0x0000000100000000)
  eden space 65536K, 100% used [0x00000000f5580000,0x00000000f9580000,0x00000000f9580000)
  from space 10752K, 0% used [0x00000000fa000000,0x00000000fa000000,0x00000000faa80000)
  to   space 10752K, 0% used [0x00000000f9580000,0x00000000f9580000,0x00000000fa000000)
 ParOldGen       total 175104K, used 0K [0x00000000e0000000, 0x00000000eab00000, 0x00000000f5580000)
  object space 175104K, 0% used [0x00000000e0000000,0x00000000e0000000,0x00000000eab00000)
 Metaspace       used 8048K, capacity 8320K, committed 8576K, reserved 1056768K
  class space    used 939K, capacity 1054K, committed 1152K, reserved 1048576K
Event: 10.265 GC heap after
Heap after GC invocations=1 (full 0):
 PSYoungGen      total 76288K, used 6995K [0x00000000f5580000, 0x00000000faa80000, 0x0000000100000000)
  eden space 65536K, 0% used [0x00000000f5580000,0x00000000f5580000,0x00000000f9580000)
  from space 10752K, 65% used [0x00000000f9580000,0x00000000f9c54fc0,0x00000000fa000000)
  to   space 10752K, 0% used [0x00000000fa000000,0x00000000fa000000,0x00000000faa80000)
 ParOldGen       total 175104K, used 16K [0x00000000e0000000, 0x00000000eab00000, 0x00000000f5580000)
  object space 175104K, 0% used [0x00000000e0000000,0x00000000e0004000,0x00000000eab00000)
 Metaspace       used 8048K, capacity 8320K, committed 8576K, reserved 1056768K
  class space    used 939K, capacity 1054K, committed 1152K, reserved 1048576K
}
Event: 12.039 GC heap before
{Heap before GC invocations=2 (full 0):
 PSYoungGen      total 76288K, used 72531K [0x00000000f5580000, 0x00000000faa80000, 0x0000000100000000)
  eden space 65536K, 100% used [0x00000000f5580000,0x00000000f9580000,0x00000000f9580000)
  from space 10752K, 65% used [0x00000000f9580000,0x00000000f9c54fc0,0x00000000fa000000)
  to   space 10752K, 0% used [0x00000000fa000000,0x00000000fa000000,0x00000000faa80000)
 ParOldGen       total 175104K, used 16K [0x00000000e0000000, 0x00000000eab00000, 0x00000000f5580000)
  object space 175104K, 0% used [0x00000000e0000000,0x00000000e0004000,0x00000000eab00000)
 Metaspace       used 14411K, capacity 14838K, committed 15104K, reserved 1062912K
  class space    used 1888K, capacity 2009K, committed 2048K, reserved 1048576K
Event: 12.047 GC heap after
Heap after GC invocations=2 (full 0):
 PSYoungGen      total 76288K, used 9029K [0x00000000f5580000, 0x00000000faa80000, 0x0000000100000000)
  eden space 65536K, 0% used [0x00000000f5580000,0x00000000f5580000,0x00000000f9580000)
  from space 10752K, 83% used [0x00000000fa000000,0x00000000fa8d1690,0x00000000faa80000)
  to   space 10752K, 0% used [0x00000000f9580000,0x00000000f9580000,0x00000000fa000000)
 ParOldGen       total 175104K, used 24K [0x00000000e0000000, 0x00000000eab00000, 0x00000000f5580000)
  object space 175104K, 0% used [0x00000000e0000000,0x00000000e0006000,0x00000000eab00000)
 Metaspace       used 14411K, capacity 14838K, committed 15104K, reserved 1062912K
  class space    used 1888K, capacity 2009K, committed 2048K, reserved 1048576K
}
Event: 12.683 GC heap before
{Heap before GC invocations=3 (full 0):
 PSYoungGen      total 76288K, used 74565K [0x00000000f5580000, 0x00000000faa80000, 0x0000000100000000)
  eden space 65536K, 100% used [0x00000000f5580000,0x00000000f9580000,0x00000000f9580000)
  from space 10752K, 83% used [0x00000000fa000000,0x00000000fa8d1690,0x00000000faa80000)
  to   space 10752K, 0% used [0x00000000f9580000,0x00000000f9580000,0x00000000fa000000)
 ParOldGen       total 175104K, used 24K [0x00000000e0000000, 0x00000000eab00000, 0x00000000f5580000)
  object space 175104K, 0% used [0x00000000e0000000,0x00000000e0006000,0x00000000eab00000)
 Metaspace       used 18657K, capacity 19220K, committed 19456K, reserved 1067008K
  class space    used 2599K, capacity 2774K, committed 2816K, reserved 1048576K
Event: 12.691 GC heap after
Heap after GC invocations=3 (full 0):
 PSYoungGen      total 76288K, used 10742K [0x00000000f5580000, 0x00000000faa80000, 0x0000000100000000)
  eden space 65536K, 0% used [0x00000000f5580000,0x00000000f5580000,0x00000000f9580000)
  from space 10752K, 99% used [0x00000000f9580000,0x00000000f9ffd950,0x00000000fa000000)
  to   space 10752K, 0% used [0x00000000fa000000,0x00000000fa000000,0x00000000faa80000)
 ParOldGen       total 175104K, used 63K [0x00000000e0000000, 0x00000000eab00000, 0x00000000f5580000)
  object space 175104K, 0% used [0x00000000e0000000,0x00000000e000fd38,0x00000000eab00000)
 Metaspace       used 18657K, capacity 19220K, committed 19456K, reserved 1067008K
  class space    used 2599K, capacity 2774K, committed 2816K, reserved 1048576K
}
Event: 12.950 GC heap before
{Heap before GC invocations=4 (full 0):
 PSYoungGen      total 76288K, used 41750K [0x00000000f5580000, 0x00000000faa80000, 0x0000000100000000)
  eden space 65536K, 47% used [0x00000000f5580000,0x00000000f73c8170,0x00000000f9580000)
  from space 10752K, 99% used [0x00000000f9580000,0x00000000f9ffd950,0x00000000fa000000)
  to   space 10752K, 0% used [0x00000000fa000000,0x00000000fa000000,0x00000000faa80000)
 ParOldGen       total 175104K, used 63K [0x00000000e0000000, 0x00000000eab00000, 0x00000000f5580000)
  object space 175104K, 0% used [0x00000000e0000000,0x00000000e000fd38,0x00000000eab00000)
 Metaspace       used 20578K, capacity 21228K, committed 21296K, reserved 1067008K
  class space    used 2888K, capacity 3090K, committed 3120K, reserved 1048576K
Event: 12.957 GC heap after
Heap after GC invocations=4 (full 0):
 PSYoungGen      total 76288K, used 9059K [0x00000000f5580000, 0x00000000fea80000, 0x0000000100000000)
  eden space 65536K, 0% used [0x00000000f5580000,0x00000000f5580000,0x00000000f9580000)
  from space 10752K, 84% used [0x00000000fa000000,0x00000000fa8d8f10,0x00000000faa80000)
  to   space 10752K, 0% used [0x00000000f9580000,0x00000000f9580000,0x00000000fa000000)
 ParOldGen       total 175104K, used 71K [0x00000000e0000000, 0x00000000eab00000, 0x00000000f5580000)
  object space 175104K, 0% used [0x00000000e0000000,0x00000000e0011d38,0x00000000eab00000)
 Metaspace       used 20578K, capacity 21228K, committed 21296K, reserved 1067008K
  class space    used 2888K, capacity 3090K, committed 3120K, reserved 1048576K
}
Event: 12.957 GC heap before
{Heap before GC invocations=5 (full 1):
 PSYoungGen      total 76288K, used 9059K [0x00000000f5580000, 0x00000000fea80000, 0x0000000100000000)
  eden space 65536K, 0% used [0x00000000f5580000,0x00000000f5580000,0x00000000f9580000)
  from space 10752K, 84% used [0x00000000fa000000,0x00000000fa8d8f10,0x00000000faa80000)
  to   space 10752K, 0% used [0x00000000f9580000,0x00000000f9580000,0x00000000fa000000)
 ParOldGen       total 175104K, used 71K [0x00000000e0000000, 0x00000000eab00000, 0x00000000f5580000)
  object space 175104K, 0% used [0x00000000e0000000,0x00000000e0011d38,0x00000000eab00000)
 Metaspace       used 20578K, capacity 21228K, committed 21296K, reserved 1067008K
  class space    used 2888K, capacity 3090K, committed 3120K, reserved 1048576K
Event: 12.983 GC heap after
Heap after GC invocations=5 (full 1):
 PSYoungGen      total 76288K, used 0K [0x00000000f5580000, 0x00000000fea80000, 0x0000000100000000)
  eden space 65536K, 0% used [0x00000000f5580000,0x00000000f5580000,0x00000000f9580000)
  from space 10752K, 0% used [0x00000000fa000000,0x00000000fa000000,0x00000000faa80000)
  to   space 10752K, 0% used [0x00000000f9580000,0x00000000f9580000,0x00000000fa000000)
 ParOldGen       total 175104K, used 8801K [0x00000000e0000000, 0x00000000eab00000, 0x00000000f5580000)
  object space 175104K, 5% used [0x00000000e0000000,0x00000000e08984f0,0x00000000eab00000)
 Metaspace       used 20578K, capacity 21228K, committed 21296K, reserved 1067008K
  class space    used 2888K, capacity 3090K, committed 3120K, reserved 1048576K
}
Event: 14.030 GC heap before
{Heap before GC invocations=6 (full 1):
 PSYoungGen      total 76288K, used 65536K [0x00000000f5580000, 0x00000000fea80000, 0x0000000100000000)
  eden space 65536K, 100% used [0x00000000f5580000,0x00000000f9580000,0x00000000f9580000)
  from space 10752K, 0% used [0x00000000fa000000,0x00000000fa000000,0x00000000faa80000)
  to   space 10752K, 0% used [0x00000000f9580000,0x00000000f9580000,0x00000000fa000000)
 ParOldGen       total 175104K, used 8801K [0x00000000e0000000, 0x00000000eab00000, 0x00000000f5580000)
  object space 175104K, 5% used [0x00000000e0000000,0x00000000e08984f0,0x00000000eab00000)
 Metaspace       used 24659K, capacity 25846K, committed 25904K, reserved 1071104K
  class space    used 3560K, capacity 3871K, committed 3888K, reserved 1048576K
Event: 14.034 GC heap after
Heap after GC invocations=6 (full 1):
 PSYoungGen      total 76288K, used 4859K [0x00000000f5580000, 0x00000000fe200000, 0x0000000100000000)
  eden space 65536K, 0% used [0x00000000f5580000,0x00000000f5580000,0x00000000f9580000)
  from space 10752K, 45% used [0x00000000f9580000,0x00000000f9a3eee0,0x00000000fa000000)
  to   space 12288K, 0% used [0x00000000fd600000,0x00000000fd600000,0x00000000fe200000)
 ParOldGen       total 175104K, used 8809K [0x00000000e0000000, 0x00000000eab00000, 0x00000000f5580000)
  object space 175104K, 5% used [0x00000000e0000000,0x00000000e089a4f0,0x00000000eab00000)
 Metaspace       used 24659K, capacity 25846K, committed 25904K, reserved 1071104K
  class space    used 3560K, capacity 3871K, committed 3888K, reserved 1048576K
}
Event: 14.868 GC heap before
{Heap before GC invocations=7 (full 1):
 PSYoungGen      total 76288K, used 70395K [0x00000000f5580000, 0x00000000fe200000, 0x0000000100000000)
  eden space 65536K, 100% used [0x00000000f5580000,0x00000000f9580000,0x00000000f9580000)
  from space 10752K, 45% used [0x00000000f9580000,0x00000000f9a3eee0,0x00000000fa000000)
  to   space 12288K, 0% used [0x00000000fd600000,0x00000000fd600000,0x00000000fe200000)
 ParOldGen       total 175104K, used 8809K [0x00000000e0000000, 0x00000000eab00000, 0x00000000f5580000)
  object space 175104K, 5% used [0x00000000e0000000,0x00000000e089a4f0,0x00000000eab00000)
 Metaspace       used 32193K, capacity 33654K, committed 33840K, reserved 1079296K
  class space    used 4571K, capacity 4912K, committed 4912K, reserved 1048576K
Event: 14.877 GC heap after
Heap after GC invocations=7 (full 1):
 PSYoungGen      total 131584K, used 9470K [0x00000000f5580000, 0x00000000fe200000, 0x0000000100000000)
  eden space 119296K, 0% used [0x00000000f5580000,0x00000000f5580000,0x00000000fca00000)
  from space 12288K, 77% used [0x00000000fd600000,0x00000000fdf3f968,0x00000000fe200000)
  to   space 12288K, 0% used [0x00000000fca00000,0x00000000fca00000,0x00000000fd600000)
 ParOldGen       total 175104K, used 8817K [0x00000000e0000000, 0x00000000eab00000, 0x00000000f5580000)
  object space 175104K, 5% used [0x00000000e0000000,0x00000000e089c4f0,0x00000000eab00000)
 Metaspace       used 32193K, capacity 33654K, committed 33840K, reserved 1079296K
  class space    used 4571K, capacity 4912K, committed 4912K, reserved 1048576K
}
Event: 15.064 GC heap before
{Heap before GC invocations=8 (full 1):
 PSYoungGen      total 131584K, used 29670K [0x00000000f5580000, 0x00000000fe200000, 0x0000000100000000)
  eden space 119296K, 16% used [0x00000000f5580000,0x00000000f693a0d8,0x00000000fca00000)
  from space 12288K, 77% used [0x00000000fd600000,0x00000000fdf3f968,0x00000000fe200000)
  to   space 12288K, 0% used [0x00000000fca00000,0x00000000fca00000,0x00000000fd600000)
 ParOldGen       total 175104K, used 8817K [0x00000000e0000000, 0x00000000eab00000, 0x00000000f5580000)
  object space 175104K, 5% used [0x00000000e0000000,0x00000000e089c4f0,0x00000000eab00000)
 Metaspace       used 33875K, capacity 35310K, committed 35496K, reserved 1079296K
  class space    used 4717K, capacity 5052K, committed 5168K, reserved 1048576K
Event: 15.070 GC heap after
Heap after GC invocations=8 (full 1):
 PSYoungGen      total 131584K, used 6719K [0x00000000f5580000, 0x0000000100000000, 0x0000000100000000)
  eden space 119296K, 0% used [0x00000000f5580000,0x00000000f5580000,0x00000000fca00000)
  from space 12288K, 54% used [0x00000000fca00000,0x00000000fd08fd30,0x00000000fd600000)
  to   space 12288K, 0% used [0x00000000ff400000,0x00000000ff400000,0x0000000100000000)
 ParOldGen       total 175104K, used 8825K [0x00000000e0000000, 0x00000000eab00000, 0x00000000f5580000)
  object space 175104K, 5% used [0x00000000e0000000,0x00000000e089e4f0,0x00000000eab00000)
 Metaspace       used 33875K, capacity 35310K, committed 35496K, reserved 1079296K
  class space    used 4717K, capacity 5052K, committed 5168K, reserved 1048576K
}
Event: 15.070 GC heap before
{Heap before GC invocations=9 (full 2):
 PSYoungGen      total 131584K, used 6719K [0x00000000f5580000, 0x0000000100000000, 0x0000000100000000)
  eden space 119296K, 0% used [0x00000000f5580000,0x00000000f5580000,0x00000000fca00000)
  from space 12288K, 54% used [0x00000000fca00000,0x00000000fd08fd30,0x00000000fd600000)
  to   space 12288K, 0% used [0x00000000ff400000,0x00000000ff400000,0x0000000100000000)
 ParOldGen       total 175104K, used 8825K [0x00000000e0000000, 0x00000000eab00000, 0x00000000f5580000)
  object space 175104K, 5% used [0x00000000e0000000,0x00000000e089e4f0,0x00000000eab00000)
 Metaspace       used 33875K, capacity 35310K, committed 35496K, reserved 1079296K
  class space    used 4717K, capacity 5052K, committed 5168K, reserved 1048576K
Event: 15.102 GC heap after
Heap after GC invocations=9 (full 2):
 PSYoungGen      total 131584K, used 0K [0x00000000f5580000, 0x0000000100000000, 0x0000000100000000)
  eden space 119296K, 0% used [0x00000000f5580000,0x00000000f5580000,0x00000000fca00000)
  from space 12288K, 0% used [0x00000000fca00000,0x00000000fca00000,0x00000000fd600000)
  to   space 12288K, 0% used [0x00000000ff400000,0x00000000ff400000,0x0000000100000000)
 ParOldGen       total 175104K, used 13610K [0x00000000e0000000, 0x00000000eab00000, 0x00000000f5580000)
  object space 175104K, 7% used [0x00000000e0000000,0x00000000e0d4a9c8,0x00000000eab00000)
 Metaspace       used 33859K, capacity 35256K, committed 35496K, reserved 1079296K
  class space    used 4712K, capacity 5043K, committed 5168K, reserved 1048576K
}
Event: 16.622 GC heap before
{Heap before GC invocations=10 (full 2):
 PSYoungGen      total 131584K, used 119296K [0x00000000f5580000, 0x0000000100000000, 0x0000000100000000)
  eden space 119296K, 100% used [0x00000000f5580000,0x00000000fca00000,0x00000000fca00000)
  from space 12288K, 0% used [0x00000000fca00000,0x00000000fca00000,0x00000000fd600000)
  to   space 12288K, 0% used [0x00000000ff400000,0x00000000ff400000,0x0000000100000000)
 ParOldGen       total 175104K, used 13610K [0x00000000e0000000, 0x00000000eab00000, 0x00000000f5580000)
  object space 175104K, 7% used [0x00000000e0000000,0x00000000e0d4a9c8,0x00000000eab00000)
 Metaspace       used 39803K, capacity 41616K, committed 41776K, reserved 1085440K
  class space    used 5460K, capacity 5876K, committed 5936K, reserved 1048576K
Event: 16.631 GC heap after
Heap after GC invocations=10 (full 2):
 PSYoungGen      total 162304K, used 9508K [0x00000000f5580000, 0x0000000100000000, 0x0000000100000000)
  eden space 150016K, 0% used [0x00000000f5580000,0x00000000f5580000,0x00000000fe800000)
  from space 12288K, 77% used [0x00000000ff400000,0x00000000ffd491e0,0x0000000100000000)
  to   space 12288K, 0% used [0x00000000fe800000,0x00000000fe800000,0x00000000ff400000)
 ParOldGen       total 175104K, used 13618K [0x00000000e0000000, 0x00000000eab00000, 0x00000000f5580000)
  object space 175104K, 7% used [0x00000000e0000000,0x00000000e0d4c9c8,0x00000000eab00000)
 Metaspace       used 39803K, capacity 41616K, committed 41776K, reserved 1085440K
  class space    used 5460K, capacity 5876K, committed 5936K, reserved 1048576K
}
Event: 18.286 GC heap before
{Heap before GC invocations=11 (full 2):
 PSYoungGen      total 162304K, used 159524K [0x00000000f5580000, 0x0000000100000000, 0x0000000100000000)
  eden space 150016K, 100% used [0x00000000f5580000,0x00000000fe800000,0x00000000fe800000)
  from space 12288K, 77% used [0x00000000ff400000,0x00000000ffd491e0,0x0000000100000000)
  to   space 12288K, 0% used [0x00000000fe800000,0x00000000fe800000,0x00000000ff400000)
 ParOldGen       total 175104K, used 13618K [0x00000000e0000000, 0x00000000eab00000, 0x00000000f5580000)
  object space 175104K, 7% used [0x00000000e0000000,0x00000000e0d4c9c8,0x00000000eab00000)
 Metaspace       used 48085K, capacity 51066K, committed 51120K, reserved 1093632K
  class space    used 6805K, capacity 7338K, committed 7344K, reserved 1048576K
Event: 18.305 GC heap after
Heap after GC invocations=11 (full 2):
 PSYoungGen      total 162304K, used 12284K [0x00000000f5580000, 0x0000000100000000, 0x0000000100000000)
  eden space 150016K, 0% used [0x00000000f5580000,0x00000000f5580000,0x00000000fe800000)
  from space 12288K, 99% used [0x00000000fe800000,0x00000000ff3ff2f8,0x00000000ff400000)
  to   space 12288K, 0% used [0x00000000ff400000,0x00000000ff400000,0x0000000100000000)
 ParOldGen       total 175104K, used 17388K [0x00000000e0000000, 0x00000000eab00000, 0x00000000f5580000)
  object space 175104K, 9% used [0x00000000e0000000,0x00000000e10fb1b8,0x00000000eab00000)
 Metaspace       used 48085K, capacity 51066K, committed 51120K, reserved 1093632K
  class space    used 6805K, capacity 7338K, committed 7344K, reserved 1048576K
}
Event: 18.680 GC heap before
{Heap before GC invocations=12 (full 2):
 PSYoungGen      total 162304K, used 162300K [0x00000000f5580000, 0x0000000100000000, 0x0000000100000000)
  eden space 150016K, 100% used [0x00000000f5580000,0x00000000fe800000,0x00000000fe800000)
  from space 12288K, 99% used [0x00000000fe800000,0x00000000ff3ff2f8,0x00000000ff400000)
  to   space 12288K, 0% used [0x00000000ff400000,0x00000000ff400000,0x0000000100000000)
 ParOldGen       total 175104K, used 17388K [0x00000000e0000000, 0x00000000eab00000, 0x00000000f5580000)
  object space 175104K, 9% used [0x00000000e0000000,0x00000000e10fb1b8,0x00000000eab00000)
 Metaspace       used 50645K, capacity 54048K, committed 54064K, reserved 1095680K
  class space    used 7179K, capacity 7724K, committed 7728K, reserved 1048576K
Event: 18.693 GC heap after
Heap after GC invocations=12 (full 2):
 PSYoungGen      total 158208K, used 9474K [0x00000000f5580000, 0x0000000100000000, 0x0000000100000000)
  eden space 145920K, 0% used [0x00000000f5580000,0x00000000f5580000,0x00000000fe400000)
  from space 12288K, 77% used [0x00000000ff400000,0x00000000ffd408c0,0x0000000100000000)
  to   space 14336K, 0% used [0x00000000fe400000,0x00000000fe400000,0x00000000ff200000)
 ParOldGen       total 175104K, used 22439K [0x00000000e0000000, 0x00000000eab00000, 0x00000000f5580000)
  object space 175104K, 12% used [0x00000000e0000000,0x00000000e15e9c28,0x00000000eab00000)
 Metaspace       used 50645K, capacity 54048K, committed 54064K, reserved 1095680K
  class space    used 7179K, capacity 7724K, committed 7728K, reserved 1048576K
}
Event: 19.875 GC heap before
{Heap before GC invocations=13 (full 2):
 PSYoungGen      total 158208K, used 131218K [0x00000000f5580000, 0x0000000100000000, 0x0000000100000000)
  eden space 145920K, 83% used [0x00000000f5580000,0x00000000fcc64230,0x00000000fe400000)
  from space 12288K, 77% used [0x00000000ff400000,0x00000000ffd408c0,0x0000000100000000)
  to   space 14336K, 0% used [0x00000000fe400000,0x00000000fe400000,0x00000000ff200000)
 ParOldGen       total 175104K, used 22439K [0x00000000e0000000, 0x00000000eab00000, 0x00000000f5580000)
  object space 175104K, 12% used [0x00000000e0000000,0x00000000e15e9c28,0x00000000eab00000)
 Metaspace       used 55307K, capacity 59090K, committed 59160K, reserved 1099776K
  class space    used 7856K, capacity 8463K, committed 8496K, reserved 1048576K
Event: 19.886 GC heap after
Heap after GC invocations=13 (full 2):
 PSYoungGen      total 160256K, used 7179K [0x00000000f5580000, 0x0000000100000000, 0x0000000100000000)
  eden space 145920K, 0% used [0x00000000f5580000,0x00000000f5580000,0x00000000fe400000)
  from space 14336K, 50% used [0x00000000fe400000,0x00000000feb02f50,0x00000000ff200000)
  to   space 14336K, 0% used [0x00000000ff200000,0x00000000ff200000,0x0000000100000000)
 ParOldGen       total 175104K, used 30348K [0x00000000e0000000, 0x00000000eab00000, 0x00000000f5580000)
  object space 175104K, 17% used [0x00000000e0000000,0x00000000e1da3008,0x00000000eab00000)
 Metaspace       used 55307K, capacity 59090K, committed 59160K, reserved 1099776K
  class space    used 7856K, capacity 8463K, committed 8496K, reserved 1048576K
}
Event: 19.886 GC heap before
{Heap before GC invocations=14 (full 3):
 PSYoungGen      total 160256K, used 7179K [0x00000000f5580000, 0x0000000100000000, 0x0000000100000000)
  eden space 145920K, 0% used [0x00000000f5580000,0x00000000f5580000,0x00000000fe400000)
  from space 14336K, 50% used [0x00000000fe400000,0x00000000feb02f50,0x00000000ff200000)
  to   space 14336K, 0% used [0x00000000ff200000,0x00000000ff200000,0x0000000100000000)
 ParOldGen       total 175104K, used 30348K [0x00000000e0000000, 0x00000000eab00000, 0x00000000f5580000)
  object space 175104K, 17% used [0x00000000e0000000,0x00000000e1da3008,0x00000000eab00000)
 Metaspace       used 55307K, capacity 59090K, committed 59160K, reserved 1099776K
  class space    used 7856K, capacity 8463K, committed 8496K, reserved 1048576K
Event: 20.074 GC heap after
Heap after GC invocations=14 (full 3):
 PSYoungGen      total 160256K, used 0K [0x00000000f5580000, 0x0000000100000000, 0x0000000100000000)
  eden space 145920K, 0% used [0x00000000f5580000,0x00000000f5580000,0x00000000fe400000)
  from space 14336K, 0% used [0x00000000fe400000,0x00000000fe400000,0x00000000ff200000)
  to   space 14336K, 0% used [0x00000000ff200000,0x00000000ff200000,0x0000000100000000)
 ParOldGen       total 178176K, used 32026K [0x00000000e0000000, 0x00000000eae00000, 0x00000000f5580000)
  object space 178176K, 17% used [0x00000000e0000000,0x00000000e1f46bb0,0x00000000eae00000)
 Metaspace       used 55240K, capacity 58868K, committed 59160K, reserved 1099776K
  class space    used 7836K, capacity 8426K, committed 8496K, reserved 1048576K
}
Event: 20.598 GC heap before
{Heap before GC invocations=15 (full 3):
 PSYoungGen      total 160256K, used 145920K [0x00000000f5580000, 0x0000000100000000, 0x0000000100000000)
  eden space 145920K, 100% used [0x00000000f5580000,0x00000000fe400000,0x00000000fe400000)
  from space 14336K, 0% used [0x00000000fe400000,0x00000000fe400000,0x00000000ff200000)
  to   space 14336K, 0% used [0x00000000ff200000,0x00000000ff200000,0x0000000100000000)
 ParOldGen       total 178176K, used 32026K [0x00000000e0000000, 0x00000000eae00000, 0x00000000f5580000)
  object space 178176K, 17% used [0x00000000e0000000,0x00000000e1f46bb0,0x00000000eae00000)
 Metaspace       used 58093K, capacity 61932K, committed 62104K, reserved 1101824K
  class space    used 8106K, capacity 8798K, committed 8880K, reserved 1048576K
Event: 20.604 GC heap after
Heap after GC invocations=15 (full 3):
 PSYoungGen      total 160256K, used 6513K [0x00000000f5580000, 0x0000000100000000, 0x0000000100000000)
  eden space 145920K, 0% used [0x00000000f5580000,0x00000000f5580000,0x00000000fe400000)
  from space 14336K, 45% used [0x00000000ff200000,0x00000000ff85c6a8,0x0000000100000000)
  to   space 14336K, 0% used [0x00000000fe400000,0x00000000fe400000,0x00000000ff200000)
 ParOldGen       total 178176K, used 32034K [0x00000000e0000000, 0x00000000eae00000, 0x00000000f5580000)
  object space 178176K, 17% used [0x00000000e0000000,0x00000000e1f48bb0,0x00000000eae00000)
 Metaspace       used 58093K, capacity 61932K, committed 62104K, reserved 1101824K
  class space    used 8106K, capacity 8798K, committed 8880K, reserved 1048576K
}
Event: 425.096 GC heap before
{Heap before GC invocations=16 (full 3):
 PSYoungGen      total 160256K, used 152433K [0x00000000f5580000, 0x0000000100000000, 0x0000000100000000)
  eden space 145920K, 100% used [0x00000000f5580000,0x00000000fe400000,0x00000000fe400000)
  from space 14336K, 45% used [0x00000000ff200000,0x00000000ff85c6a8,0x0000000100000000)
  to   space 14336K, 0% used [0x00000000fe400000,0x00000000fe400000,0x00000000ff200000)
 ParOldGen       total 178176K, used 32034K [0x00000000e0000000, 0x00000000eae00000, 0x00000000f5580000)
  object space 178176K, 17% used [0x00000000e0000000,0x00000000e1f48bb0,0x00000000eae00000)
 Metaspace       used 62250K, capacity 66298K, committed 66584K, reserved 1105920K
  class space    used 8738K, capacity 9411K, committed 9520K, reserved 1048576K
Event: 425.112 GC heap after
Heap after GC invocations=16 (full 3):
 PSYoungGen      total 159232K, used 12812K [0x00000000f5580000, 0x0000000100000000, 0x0000000100000000)
  eden space 145920K, 0% used [0x00000000f5580000,0x00000000f5580000,0x00000000fe400000)
  from space 13312K, 96% used [0x00000000fe400000,0x00000000ff083320,0x00000000ff100000)
  to   space 15360K, 0% used [0x00000000ff100000,0x00000000ff100000,0x0000000100000000)
 ParOldGen       total 178176K, used 32042K [0x00000000e0000000, 0x00000000eae00000, 0x00000000f5580000)
  object space 178176K, 17% used [0x00000000e0000000,0x00000000e1f4abb0,0x00000000eae00000)
 Metaspace       used 62250K, capacity 66298K, committed 66584K, reserved 1105920K
  class space    used 8738K, capacity 9411K, committed 9520K, reserved 1048576K
}
Event: 426.597 GC heap before
{Heap before GC invocations=17 (full 3):
 PSYoungGen      total 159232K, used 158732K [0x00000000f5580000, 0x0000000100000000, 0x0000000100000000)
  eden space 145920K, 100% used [0x00000000f5580000,0x00000000fe400000,0x00000000fe400000)
  from space 13312K, 96% used [0x00000000fe400000,0x00000000ff083320,0x00000000ff100000)
  to   space 15360K, 0% used [0x00000000ff100000,0x00000000ff100000,0x0000000100000000)
 ParOldGen       total 178176K, used 32042K [0x00000000e0000000, 0x00000000eae00000, 0x00000000f5580000)
  object space 178176K, 17% used [0x00000000e0000000,0x00000000e1f4abb0,0x00000000eae00000)
 Metaspace       used 65618K, capacity 70106K, committed 70296K, reserved 1110016K
  class space    used 9113K, capacity 9862K, committed 9904K, reserved 1048576K
Event: 426.615 GC heap after
Heap after GC invocations=17 (full 3):
 PSYoungGen      total 154112K, used 15349K [0x00000000f5580000, 0x0000000100000000, 0x0000000100000000)
  eden space 138752K, 0% used [0x00000000f5580000,0x00000000f5580000,0x00000000fdd00000)
  from space 15360K, 99% used [0x00000000ff100000,0x00000000ffffd7f0,0x0000000100000000)
  to   space 17920K, 0% used [0x00000000fdd00000,0x00000000fdd00000,0x00000000fee80000)
 ParOldGen       total 178176K, used 34322K [0x00000000e0000000, 0x00000000eae00000, 0x00000000f5580000)
  object space 178176K, 19% used [0x00000000e0000000,0x00000000e2184868,0x00000000eae00000)
 Metaspace       used 65618K, capacity 70106K, committed 70296K, reserved 1110016K
  class space    used 9113K, capacity 9862K, committed 9904K, reserved 1048576K
}
Event: 429.376 GC heap before
{Heap before GC invocations=18 (full 3):
 PSYoungGen      total 154112K, used 154101K [0x00000000f5580000, 0x0000000100000000, 0x0000000100000000)
  eden space 138752K, 100% used [0x00000000f5580000,0x00000000fdd00000,0x00000000fdd00000)
  from space 15360K, 99% used [0x00000000ff100000,0x00000000ffffd7f0,0x0000000100000000)
  to   space 17920K, 0% used [0x00000000fdd00000,0x00000000fdd00000,0x00000000fee80000)
 ParOldGen       total 178176K, used 34322K [0x00000000e0000000, 0x00000000eae00000, 0x00000000f5580000)
  object space 178176K, 19% used [0x00000000e0000000,0x00000000e2184868,0x00000000eae00000)
 Metaspace       used 67172K, capacity 72282K, committed 72472K, reserved 1112064K
  class space    used 9350K, capacity 10175K, committed 10288K, reserved 1048576K
Event: 429.411 GC heap after
Heap after GC invocations=18 (full 3):
 PSYoungGen      total 156672K, used 11251K [0x00000000f5580000, 0x0000000100000000, 0x0000000100000000)
  eden space 138752K, 0% used [0x00000000f5580000,0x00000000f5580000,0x00000000fdd00000)
  from space 17920K, 62% used [0x00000000fdd00000,0x00000000fe7fcc50,0x00000000fee80000)
  to   space 17408K, 0% used [0x00000000fef00000,0x00000000fef00000,0x0000000100000000)
 ParOldGen       total 178176K, used 44104K [0x00000000e0000000, 0x00000000eae00000, 0x00000000f5580000)
  object space 178176K, 24% used [0x00000000e0000000,0x00000000e2b121b0,0x00000000eae00000)
 Metaspace       used 67172K, capacity 72282K, committed 72472K, reserved 1112064K
  class space    used 9350K, capacity 10175K, committed 10288K, reserved 1048576K
}
Event: 430.115 GC heap before
{Heap before GC invocations=19 (full 3):
 PSYoungGen      total 156672K, used 150003K [0x00000000f5580000, 0x0000000100000000, 0x0000000100000000)
  eden space 138752K, 100% used [0x00000000f5580000,0x00000000fdd00000,0x00000000fdd00000)
  from space 17920K, 62% used [0x00000000fdd00000,0x00000000fe7fcc50,0x00000000fee80000)
  to   space 17408K, 0% used [0x00000000fef00000,0x00000000fef00000,0x0000000100000000)
 ParOldGen       total 178176K, used 44104K [0x00000000e0000000, 0x00000000eae00000, 0x00000000f5580000)
  object space 178176K, 24% used [0x00000000e0000000,0x00000000e2b121b0,0x00000000eae00000)
 Metaspace       used 67218K, capacity 72378K, committed 72472K, reserved 1112064K
  class space    used 9351K, capacity 10207K, committed 10288K, reserved 1048576K
Event: 430.128 GC heap after
Heap after GC invocations=19 (full 3):
 PSYoungGen      total 155136K, used 10448K [0x00000000f5580000, 0x00000000ffe80000, 0x0000000100000000)
  eden space 139264K, 0% used [0x00000000f5580000,0x00000000f5580000,0x00000000fdd80000)
  from space 15872K, 65% used [0x00000000fef00000,0x00000000ff934020,0x00000000ffe80000)
  to   space 16896K, 0% used [0x00000000fdd80000,0x00000000fdd80000,0x00000000fee00000)
 ParOldGen       total 178176K, used 44112K [0x00000000e0000000, 0x00000000eae00000, 0x00000000f5580000)
  object space 178176K, 24% used [0x00000000e0000000,0x00000000e2b141b0,0x00000000eae00000)
 Metaspace       used 67218K, capacity 72378K, committed 72472K, reserved 1112064K
  class space    used 9351K, capacity 10207K, committed 10288K, reserved 1048576K
}
Event: 432.140 GC heap before
{Heap before GC invocations=20 (full 3):
 PSYoungGen      total 155136K, used 149712K [0x00000000f5580000, 0x00000000ffe80000, 0x0000000100000000)
  eden space 139264K, 100% used [0x00000000f5580000,0x00000000fdd80000,0x00000000fdd80000)
  from space 15872K, 65% used [0x00000000fef00000,0x00000000ff934020,0x00000000ffe80000)
  to   space 16896K, 0% used [0x00000000fdd80000,0x00000000fdd80000,0x00000000fee00000)
 ParOldGen       total 178176K, used 44112K [0x00000000e0000000, 0x00000000eae00000, 0x00000000f5580000)
  object space 178176K, 24% used [0x00000000e0000000,0x00000000e2b141b0,0x00000000eae00000)
 Metaspace       used 73839K, capacity 79380K, committed 79512K, reserved 1118208K
  class space    used 10173K, capacity 11068K, committed 11184K, reserved 1048576K
Event: 432.166 GC heap after
Heap after GC invocations=20 (full 3):
 PSYoungGen      total 156160K, used 16875K [0x00000000f5580000, 0x0000000100000000, 0x0000000100000000)
  eden space 139264K, 0% used [0x00000000f5580000,0x00000000f5580000,0x00000000fdd80000)
  from space 16896K, 99% used [0x00000000fdd80000,0x00000000fedfacd0,0x00000000fee00000)
  to   space 18432K, 0% used [0x00000000fee00000,0x00000000fee00000,0x0000000100000000)
 ParOldGen       total 178176K, used 48627K [0x00000000e0000000, 0x00000000eae00000, 0x00000000f5580000)
  object space 178176K, 27% used [0x00000000e0000000,0x00000000e2f7ce00,0x00000000eae00000)
 Metaspace       used 73839K, capacity 79380K, committed 79512K, reserved 1118208K
  class space    used 10173K, capacity 11068K, committed 11184K, reserved 1048576K
}
Event: 433.161 GC heap before
{Heap before GC invocations=21 (full 3):
 PSYoungGen      total 156160K, used 156139K [0x00000000f5580000, 0x0000000100000000, 0x0000000100000000)
  eden space 139264K, 100% used [0x00000000f5580000,0x00000000fdd80000,0x00000000fdd80000)
  from space 16896K, 99% used [0x00000000fdd80000,0x00000000fedfacd0,0x00000000fee00000)
  to   space 18432K, 0% used [0x00000000fee00000,0x00000000fee00000,0x0000000100000000)
 ParOldGen       total 178176K, used 48629K [0x00000000e0000000, 0x00000000eae00000, 0x00000000f5580000)
  object space 178176K, 27% used [0x00000000e0000000,0x00000000e2f7d608,0x00000000eae00000)
 Metaspace       used 73910K, capacity 79444K, committed 79768K, reserved 1118208K
  class space    used 10173K, capacity 11068K, committed 11184K, reserved 1048576K
Event: 433.190 GC heap after
Heap after GC invocations=21 (full 3):
 PSYoungGen      total 153088K, used 7984K [0x00000000f5580000, 0x0000000100000000, 0x0000000100000000)
  eden space 134656K, 0% used [0x00000000f5580000,0x00000000f5580000,0x00000000fd900000)
  from space 18432K, 43% used [0x00000000fee00000,0x00000000ff5cc010,0x0000000100000000)
  to   space 19968K, 0% used [0x00000000fd900000,0x00000000fd900000,0x00000000fec80000)
 ParOldGen       total 178176K, used 58912K [0x00000000e0000000, 0x00000000eae00000, 0x00000000f5580000)
  object space 178176K, 33% used [0x00000000e0000000,0x00000000e39882d8,0x00000000eae00000)
 Metaspace       used 73910K, capacity 79444K, committed 79768K, reserved 1118208K
  class space    used 10173K, capacity 11068K, committed 11184K, reserved 1048576K
}
Event: 434.031 GC heap before
{Heap before GC invocations=22 (full 3):
 PSYoungGen      total 153088K, used 142640K [0x00000000f5580000, 0x0000000100000000, 0x0000000100000000)
  eden space 134656K, 100% used [0x00000000f5580000,0x00000000fd900000,0x00000000fd900000)
  from space 18432K, 43% used [0x00000000fee00000,0x00000000ff5cc010,0x0000000100000000)
  to   space 19968K, 0% used [0x00000000fd900000,0x00000000fd900000,0x00000000fec80000)
 ParOldGen       total 178176K, used 58915K [0x00000000e0000000, 0x00000000eae00000, 0x00000000f5580000)
  object space 178176K, 33% used [0x00000000e0000000,0x00000000e3988c48,0x00000000eae00000)
 Metaspace       used 73917K, capacity 79444K, committed 79768K, reserved 1118208K
  class space    used 10173K, capacity 11068K, committed 11184K, reserved 1048576K
Event: 434.052 GC heap after
Heap after GC invocations=22 (full 3):
 PSYoungGen      total 154624K, used 9440K [0x00000000f5580000, 0x0000000100000000, 0x0000000100000000)
  eden space 134656K, 0% used [0x00000000f5580000,0x00000000f5580000,0x00000000fd900000)
  from space 19968K, 47% used [0x00000000fd900000,0x00000000fe238020,0x00000000fec80000)
  to   space 19456K, 0% used [0x00000000fed00000,0x00000000fed00000,0x0000000100000000)
 ParOldGen       total 178176K, used 58947K [0x00000000e0000000, 0x00000000eae00000, 0x00000000f5580000)
  object space 178176K, 33% used [0x00000000e0000000,0x00000000e3990c48,0x00000000eae00000)
 Metaspace       used 73917K, capacity 79444K, committed 79768K, reserved 1118208K
  class space    used 10173K, capacity 11068K, committed 11184K, reserved 1048576K
}
Event: 2081.468 GC heap before
{Heap before GC invocations=23 (full 3):
 PSYoungGen      total 154624K, used 144096K [0x00000000f5580000, 0x0000000100000000, 0x0000000100000000)
  eden space 134656K, 100% used [0x00000000f5580000,0x00000000fd900000,0x00000000fd900000)
  from space 19968K, 47% used [0x00000000fd900000,0x00000000fe238020,0x00000000fec80000)
  to   space 19456K, 0% used [0x00000000fed00000,0x00000000fed00000,0x0000000100000000)
 ParOldGen       total 178176K, used 58947K [0x00000000e0000000, 0x00000000eae00000, 0x00000000f5580000)
  object space 178176K, 33% used [0x00000000e0000000,0x00000000e3990c48,0x00000000eae00000)
 Metaspace       used 75543K, capacity 81390K, committed 81560K, reserved 1120256K
  class space    used 10391K, capacity 11346K, committed 11440K, reserved 1048576K
Event: 2081.509 GC heap after
Heap after GC invocations=23 (full 3):
 PSYoungGen      total 154112K, used 14009K [0x00000000f5580000, 0x0000000100000000, 0x0000000100000000)
  eden space 134656K, 0% used [0x00000000f5580000,0x00000000f5580000,0x00000000fd900000)
  from space 19456K, 72% used [0x00000000fed00000,0x00000000ffaae4d8,0x0000000100000000)
  to   space 19968K, 0% used [0x00000000fd900000,0x00000000fd900000,0x00000000fec80000)
 ParOldGen       total 178176K, used 61013K [0x00000000e0000000, 0x00000000eae00000, 0x00000000f5580000)
  object space 178176K, 34% used [0x00000000e0000000,0x00000000e3b957f8,0x00000000eae00000)
 Metaspace       used 75543K, capacity 81390K, committed 81560K, reserved 1120256K
  class space    used 10391K, capacity 11346K, committed 11440K, reserved 1048576K
}
Event: 2082.081 GC heap before
{Heap before GC invocations=24 (full 3):
 PSYoungGen      total 154112K, used 148665K [0x00000000f5580000, 0x0000000100000000, 0x0000000100000000)
  eden space 134656K, 100% used [0x00000000f5580000,0x00000000fd900000,0x00000000fd900000)
  from space 19456K, 72% used [0x00000000fed00000,0x00000000ffaae4d8,0x0000000100000000)
  to   space 19968K, 0% used [0x00000000fd900000,0x00000000fd900000,0x00000000fec80000)
 ParOldGen       total 178176K, used 61013K [0x00000000e0000000, 0x00000000eae00000, 0x00000000f5580000)
  object space 178176K, 34% used [0x00000000e0000000,0x00000000e3b957f8,0x00000000eae00000)
 Metaspace       used 77876K, capacity 83890K, committed 84120K, reserved 1122304K
  class space    used 10667K, capacity 11643K, committed 11696K, reserved 1048576K
Event: 2082.094 GC heap after
Heap after GC invocations=24 (full 3):
 PSYoungGen      total 154624K, used 12020K [0x00000000f5580000, 0x00000000fff80000, 0x0000000100000000)
  eden space 134656K, 0% used [0x00000000f5580000,0x00000000f5580000,0x00000000fd900000)
  from space 19968K, 60% used [0x00000000fd900000,0x00000000fe4bd378,0x00000000fec80000)
  to   space 19456K, 0% used [0x00000000fec80000,0x00000000fec80000,0x00000000fff80000)
 ParOldGen       total 178176K, used 61021K [0x00000000e0000000, 0x00000000eae00000, 0x00000000f5580000)
  object space 178176K, 34% used [0x00000000e0000000,0x00000000e3b977f8,0x00000000eae00000)
 Metaspace       used 77876K, capacity 83890K, committed 84120K, reserved 1122304K
  class space    used 10667K, capacity 11643K, committed 11696K, reserved 1048576K
}
Event: 4038.721 GC heap before
{Heap before GC invocations=25 (full 3):
 PSYoungGen      total 154624K, used 146676K [0x00000000f5580000, 0x00000000fff80000, 0x0000000100000000)
  eden space 134656K, 100% used [0x00000000f5580000,0x00000000fd900000,0x00000000fd900000)
  from space 19968K, 60% used [0x00000000fd900000,0x00000000fe4bd378,0x00000000fec80000)
  to   space 19456K, 0% used [0x00000000fec80000,0x00000000fec80000,0x00000000fff80000)
 ParOldGen       total 178176K, used 61021K [0x00000000e0000000, 0x00000000eae00000, 0x00000000f5580000)
  object space 178176K, 34% used [0x00000000e0000000,0x00000000e3b977f8,0x00000000eae00000)
 Metaspace       used 80168K, capacity 86508K, committed 86680K, reserved 1124352K
  class space    used 10850K, capacity 11848K, committed 11952K, reserved 1048576K
Event: 4038.761 GC heap after
Heap after GC invocations=25 (full 3):
 PSYoungGen      total 150016K, used 19439K [0x00000000f5580000, 0x0000000100000000, 0x0000000100000000)
  eden space 130560K, 0% used [0x00000000f5580000,0x00000000f5580000,0x00000000fd500000)
  from space 19456K, 99% used [0x00000000fec80000,0x00000000fff7bd58,0x00000000fff80000)
  to   space 22016K, 0% used [0x00000000fd500000,0x00000000fd500000,0x00000000fea80000)
 ParOldGen       total 178176K, used 62520K [0x00000000e0000000, 0x00000000eae00000, 0x00000000f5580000)
  object space 178176K, 35% used [0x00000000e0000000,0x00000000e3d0e090,0x00000000eae00000)
 Metaspace       used 80168K, capacity 86508K, committed 86680K, reserved 1124352K
  class space    used 10850K, capacity 11848K, committed 11952K, reserved 1048576K
}

